[00:06:09] [Worker-Main-82/WARN]: Empty height range: biased[-10 absolute--15 absolute inner: 1]
[00:11:19] [Worker-Main-79/WARN]: Empty height range: biased[-10 absolute--15 absolute inner: 1]
[00:15:13] [Server thread/INFO]: Named entity class_1642['Yomach the Toxic'/40479, l='ServerLevel[world]', x=-1913.70, y=144.94, z=-3449.05] died: Yomach the Toxic was slain by Iron Golem
[00:30:09] [Server thread/INFO]: Th1ngsWASD has made the advancement [Incendium]
[00:30:09] [Server thread/INFO]: Th1ngsWASD has made the advancement [We Need to Go Deeper]
[00:30:12] [Server thread/WARN]: Can't keep up! Is the server overloaded? Running 6048ms or 120 ticks behind
[00:30:25] [Worker-Main-82/WARN]: Template pool fallback chain found: incendium:cvill/stilts -> incendium:cvill/stilts
[00:30:25] [Worker-Main-82/WARN]: Template pool fallback chain found: incendium:cvill/stilts -> incendium:cvill/stilts
[00:30:25] [Worker-Main-82/WARN]: Template pool fallback chain found: incendium:cvill/stilts -> incendium:cvill/stilts
[00:30:25] [Worker-Main-82/WARN]: Template pool fallback chain found: incendium:cvill/stilts -> incendium:cvill/stilts
[00:30:25] [Worker-Main-82/WARN]: Template pool fallback chain found: incendium:cvill/stilts -> incendium:cvill/stilts
[00:30:25] [Worker-Main-82/WARN]: Template pool fallback chain found: incendium:cvill/stilts -> incendium:cvill/stilts
[00:30:25] [Worker-Main-82/WARN]: Template pool fallback chain found: incendium:cvill/stilts -> incendium:cvill/stilts
[00:30:25] [Worker-Main-82/WARN]: Template pool fallback chain found: incendium:cvill/stilts -> incendium:cvill/stilts
[00:30:25] [Worker-Main-82/WARN]: Template pool fallback chain found: incendium:cvill/stilts -> incendium:cvill/stilts
[00:30:25] [Worker-Main-82/WARN]: Template pool fallback chain found: incendium:cvill/stilts -> incendium:cvill/stilts
[00:30:25] [Worker-Main-82/WARN]: Template pool fallback chain found: incendium:cvill/stilts -> incendium:cvill/stilts
[00:30:25] [Worker-Main-82/WARN]: Template pool fallback chain found: incendium:cvill/stilts -> incendium:cvill/stilts
[00:30:25] [Worker-Main-82/WARN]: Template pool fallback chain found: incendium:cvill/stilts -> incendium:cvill/stilts
[00:30:25] [Worker-Main-82/WARN]: Template pool fallback chain found: incendium:cvill/stilts -> incendium:cvill/stilts
[00:30:25] [Worker-Main-82/WARN]: Template pool fallback chain found: incendium:cvill/stilts -> incendium:cvill/stilts
[00:30:25] [Worker-Main-82/WARN]: Template pool fallback chain found: incendium:cvill/stilts -> incendium:cvill/stilts
[00:30:25] [Worker-Main-82/WARN]: Template pool fallback chain found: incendium:cvill/stilts -> incendium:cvill/stilts
[00:30:25] [Worker-Main-82/WARN]: Template pool fallback chain found: incendium:cvill/stilts -> incendium:cvill/stilts
[00:30:25] [Worker-Main-82/WARN]: Template pool fallback chain found: incendium:cvill/stilts -> incendium:cvill/stilts
[00:30:25] [Worker-Main-82/WARN]: Template pool fallback chain found: incendium:cvill/stilts -> incendium:cvill/stilts
[00:30:25] [Worker-Main-82/WARN]: Template pool fallback chain found: incendium:cvill/stilts -> incendium:cvill/stilts
[00:30:25] [Worker-Main-82/WARN]: Template pool fallback chain found: incendium:cvill/stilts -> incendium:cvill/stilts
[00:30:25] [Worker-Main-82/WARN]: Template pool fallback chain found: incendium:cvill/stilts -> incendium:cvill/stilts
[00:30:25] [Worker-Main-82/WARN]: Template pool fallback chain found: incendium:cvill/stilts -> incendium:cvill/stilts
[00:30:25] [Worker-Main-82/WARN]: Template pool fallback chain found: incendium:cvill/stilts -> incendium:cvill/stilts
[00:30:25] [Worker-Main-82/WARN]: Template pool fallback chain found: incendium:cvill/stilts -> incendium:cvill/stilts
[00:30:25] [Worker-Main-82/WARN]: Template pool fallback chain found: incendium:cvill/stilts -> incendium:cvill/stilts
[00:30:25] [Worker-Main-82/WARN]: Template pool fallback chain found: incendium:cvill/stilts -> incendium:cvill/stilts
[00:30:25] [Worker-Main-82/WARN]: Template pool fallback chain found: incendium:cvill/stilts -> incendium:cvill/stilts
[00:30:25] [Worker-Main-82/WARN]: Template pool fallback chain found: incendium:cvill/stilts -> incendium:cvill/stilts
[00:30:25] [Worker-Main-82/WARN]: Template pool fallback chain found: incendium:cvill/stilts -> incendium:cvill/stilts
[00:30:25] [Worker-Main-82/WARN]: Template pool fallback chain found: incendium:cvill/stilts -> incendium:cvill/stilts
[00:30:25] [Worker-Main-82/WARN]: Template pool fallback chain found: incendium:cvill/stilts -> incendium:cvill/stilts
[00:30:25] [Worker-Main-82/WARN]: Template pool fallback chain found: incendium:cvill/stilts -> incendium:cvill/stilts
[00:30:25] [Worker-Main-82/WARN]: Template pool fallback chain found: incendium:cvill/stilts -> incendium:cvill/stilts
[00:30:25] [Worker-Main-82/WARN]: Template pool fallback chain found: incendium:cvill/stilts -> incendium:cvill/stilts
[00:30:25] [Worker-Main-82/WARN]: Template pool fallback chain found: incendium:cvill/stilts -> incendium:cvill/stilts
[00:30:25] [Worker-Main-82/WARN]: Template pool fallback chain found: incendium:cvill/stilts -> incendium:cvill/stilts
[00:30:25] [Worker-Main-82/WARN]: Template pool fallback chain found: incendium:cvill/stilts -> incendium:cvill/stilts
[00:30:25] [Worker-Main-82/WARN]: Template pool fallback chain found: incendium:cvill/stilts -> incendium:cvill/stilts
[00:30:25] [Worker-Main-82/WARN]: Template pool fallback chain found: incendium:cvill/stilts -> incendium:cvill/stilts
[00:30:25] [Worker-Main-82/WARN]: Template pool fallback chain found: incendium:cvill/stilts -> incendium:cvill/stilts
[00:30:25] [Worker-Main-82/WARN]: Template pool fallback chain found: incendium:cvill/stilts -> incendium:cvill/stilts
[00:30:25] [Worker-Main-82/WARN]: Template pool fallback chain found: incendium:cvill/stilts -> incendium:cvill/stilts
[00:30:25] [Worker-Main-82/WARN]: Template pool fallback chain found: incendium:cvill/stilts -> incendium:cvill/stilts
[00:30:25] [Worker-Main-82/WARN]: Template pool fallback chain found: incendium:cvill/stilts -> incendium:cvill/stilts
[00:30:25] [Worker-Main-82/WARN]: Template pool fallback chain found: incendium:cvill/stilts -> incendium:cvill/stilts
[00:30:25] [Worker-Main-82/WARN]: Template pool fallback chain found: incendium:cvill/stilts -> incendium:cvill/stilts
[00:30:25] [Worker-Main-82/WARN]: Template pool fallback chain found: incendium:cvill/stilts -> incendium:cvill/stilts
[00:30:25] [Worker-Main-82/WARN]: Template pool fallback chain found: incendium:cvill/stilts -> incendium:cvill/stilts
[00:30:25] [Worker-Main-82/WARN]: Template pool fallback chain found: incendium:cvill/stilts -> incendium:cvill/stilts
[00:30:25] [Worker-Main-82/WARN]: Template pool fallback chain found: incendium:cvill/stilts -> incendium:cvill/stilts
[00:30:25] [Worker-Main-82/WARN]: Template pool fallback chain found: incendium:cvill/stilts -> incendium:cvill/stilts
[00:30:25] [Worker-Main-82/WARN]: Template pool fallback chain found: incendium:cvill/stilts -> incendium:cvill/stilts
[00:30:25] [Worker-Main-82/WARN]: Template pool fallback chain found: incendium:cvill/stilts -> incendium:cvill/stilts
[00:30:25] [Worker-Main-82/WARN]: Template pool fallback chain found: incendium:cvill/stilts -> incendium:cvill/stilts
[00:30:25] [Worker-Main-82/WARN]: Template pool fallback chain found: incendium:cvill/stilts -> incendium:cvill/stilts
[00:30:25] [Worker-Main-82/WARN]: Template pool fallback chain found: incendium:cvill/stilts -> incendium:cvill/stilts
[00:30:25] [Worker-Main-82/WARN]: Template pool fallback chain found: incendium:cvill/stilts -> incendium:cvill/stilts
[00:30:25] [Worker-Main-82/WARN]: Template pool fallback chain found: incendium:cvill/stilts -> incendium:cvill/stilts
[00:30:25] [Worker-Main-82/WARN]: Template pool fallback chain found: incendium:cvill/stilts -> incendium:cvill/stilts
[00:30:25] [Worker-Main-82/WARN]: Template pool fallback chain found: incendium:cvill/stilts -> incendium:cvill/stilts
[00:30:25] [Worker-Main-82/WARN]: Template pool fallback chain found: incendium:cvill/stilts -> incendium:cvill/stilts
[00:30:25] [Worker-Main-82/WARN]: Template pool fallback chain found: incendium:cvill/stilts -> incendium:cvill/stilts
[00:30:25] [Worker-Main-82/WARN]: Template pool fallback chain found: incendium:cvill/stilts -> incendium:cvill/stilts
[00:30:25] [Worker-Main-82/WARN]: Template pool fallback chain found: incendium:cvill/stilts -> incendium:cvill/stilts
[00:30:25] [Worker-Main-82/WARN]: Template pool fallback chain found: incendium:cvill/stilts -> incendium:cvill/stilts
[00:30:25] [Worker-Main-82/WARN]: Template pool fallback chain found: incendium:cvill/stilts -> incendium:cvill/stilts
[00:30:25] [Worker-Main-82/WARN]: Template pool fallback chain found: incendium:cvill/stilts -> incendium:cvill/stilts
[00:30:25] [Worker-Main-82/WARN]: Template pool fallback chain found: incendium:cvill/stilts -> incendium:cvill/stilts
[00:30:25] [Worker-Main-82/WARN]: Template pool fallback chain found: incendium:cvill/stilts -> incendium:cvill/stilts
[00:30:25] [Worker-Main-82/WARN]: Template pool fallback chain found: incendium:cvill/stilts -> incendium:cvill/stilts
[00:30:25] [Worker-Main-82/WARN]: Template pool fallback chain found: incendium:cvill/piglins -> incendium:cvill/piglins
[00:30:25] [Worker-Main-82/WARN]: Template pool fallback chain found: incendium:cvill/stilts -> incendium:cvill/stilts
[00:30:25] [Worker-Main-82/WARN]: Template pool fallback chain found: incendium:cvill/stilts -> incendium:cvill/stilts
[00:30:25] [Worker-Main-82/WARN]: Template pool fallback chain found: incendium:cvill/stilts -> incendium:cvill/stilts
[00:30:25] [Worker-Main-82/WARN]: Template pool fallback chain found: incendium:cvill/stilts -> incendium:cvill/stilts
[00:30:25] [Worker-Main-82/WARN]: Template pool fallback chain found: incendium:cvill/stilts -> incendium:cvill/stilts
[00:30:25] [Worker-Main-82/WARN]: Template pool fallback chain found: incendium:cvill/stilts -> incendium:cvill/stilts
[00:30:25] [Worker-Main-82/WARN]: Template pool fallback chain found: incendium:cvill/stilts -> incendium:cvill/stilts
[00:30:25] [Worker-Main-82/WARN]: Template pool fallback chain found: incendium:cvill/stilts -> incendium:cvill/stilts
[00:30:25] [Worker-Main-82/WARN]: Template pool fallback chain found: incendium:cvill/stilts -> incendium:cvill/stilts
[00:30:25] [Worker-Main-82/WARN]: Template pool fallback chain found: incendium:cvill/stilts -> incendium:cvill/stilts
[00:30:25] [Worker-Main-82/WARN]: Template pool fallback chain found: incendium:cvill/stilts -> incendium:cvill/stilts
[00:30:25] [Worker-Main-82/WARN]: Template pool fallback chain found: incendium:cvill/stilts -> incendium:cvill/stilts
[00:30:25] [Worker-Main-82/WARN]: Template pool fallback chain found: incendium:cvill/stilts -> incendium:cvill/stilts
[00:30:25] [Worker-Main-82/WARN]: Template pool fallback chain found: incendium:cvill/piglins -> incendium:cvill/piglins
[00:30:25] [Worker-Main-82/WARN]: Template pool fallback chain found: incendium:cvill/stilts -> incendium:cvill/stilts
[00:30:25] [Worker-Main-82/WARN]: Template pool fallback chain found: incendium:cvill/stilts -> incendium:cvill/stilts
[00:30:25] [Worker-Main-82/WARN]: Template pool fallback chain found: incendium:cvill/stilts -> incendium:cvill/stilts
[00:30:25] [Worker-Main-82/WARN]: Template pool fallback chain found: incendium:cvill/stilts -> incendium:cvill/stilts
[00:30:25] [Worker-Main-82/WARN]: Template pool fallback chain found: incendium:cvill/stilts -> incendium:cvill/stilts
[00:30:25] [Worker-Main-82/WARN]: Template pool fallback chain found: incendium:cvill/stilts -> incendium:cvill/stilts
[00:30:25] [Worker-Main-82/WARN]: Template pool fallback chain found: incendium:cvill/piglins -> incendium:cvill/piglins
[00:30:25] [Worker-Main-82/WARN]: Template pool fallback chain found: incendium:cvill/stilts -> incendium:cvill/stilts
[00:30:25] [Worker-Main-82/WARN]: Template pool fallback chain found: incendium:cvill/stilts -> incendium:cvill/stilts
[00:30:25] [Worker-Main-82/WARN]: Template pool fallback chain found: incendium:cvill/stilts -> incendium:cvill/stilts
[00:30:25] [Worker-Main-82/WARN]: Template pool fallback chain found: incendium:cvill/stilts -> incendium:cvill/stilts
[00:30:25] [Worker-Main-82/WARN]: Template pool fallback chain found: incendium:cvill/stilts -> incendium:cvill/stilts
[00:30:25] [Worker-Main-82/WARN]: Template pool fallback chain found: incendium:cvill/stilts -> incendium:cvill/stilts
[00:30:25] [Worker-Main-82/WARN]: Template pool fallback chain found: incendium:cvill/stilts -> incendium:cvill/stilts
[00:30:25] [Worker-Main-82/WARN]: Template pool fallback chain found: incendium:cvill/stilts -> incendium:cvill/stilts
